Arguments: 
  C:\Program Files\nodejs\node.exe C:\Users\hp mt43\AppData\Roaming\npm\node_modules\yarn\bin\yarn.js install

PATH: 
  C:\Users\hp mt43\bin;C:\Program Files\Git\mingw64\bin;C:\Program Files\Git\usr\local\bin;C:\Program Files\Git\usr\bin;C:\Program Files\Git\usr\bin;C:\Program Files\Git\mingw64\bin;C:\Program Files\Git\usr\bin;C:\Users\hp mt43\bin;C:\Python311\Scripts;C:\Python311;C:\Program Files (x86)\Common Files\Intel\Shared Libraries\redist\intel64\compiler;C:\Windows\system32;C:\Windows;C:\Windows\System32\Wbem;C:\Windows\System32\WindowsPowerShell\v1.0;C:\Windows\System32\OpenSSH;C:\Program Files\dotnet;C:\Program Files\nodejs;C:\Program Files\Git\cmd;C:\ProgramData\chocolatey\bin;C:\Users\hp mt43\AppData\Local\Microsoft\WindowsApps;C:\Users\hp mt43\Desktop\Microsoft VS Code\bin;C:\Users\hp mt43\AppData\Roaming\npm;C:\Program Files\Git\usr\bin\vendor_perl;C:\Program Files\Git\usr\bin\core_perl

Yarn version: 
  1.22.19

Node version: 
  18.12.1

Platform: 
  win32 x64

Trace: 
  Error: https://registry.yarnpkg.com/date-fns/-/date-fns-2.29.3.tgz: ESOCKETTIMEDOUT
      at ClientRequest.<anonymous> (C:\Users\hp mt43\AppData\Roaming\npm\node_modules\yarn\lib\cli.js:141517:19)
      at Object.onceWrapper (node:events:627:28)
      at ClientRequest.emit (node:events:513:28)
      at TLSSocket.emitRequestTimeout (node:_http_client:838:9)
      at Object.onceWrapper (node:events:627:28)
      at TLSSocket.emit (node:events:525:35)
      at Socket._onTimeout (node:net:562:8)
      at listOnTimeout (node:internal/timers:564:17)
      at process.processTimers (node:internal/timers:507:7)

npm manifest: 
  {
    "name": "sammy-s-portfolio",
    "version": "1.0.0",
    "private": true,
    "description": "sammy's portfolio",
    "keywords": [
      "gatsby"
    ],
    "scripts": {
      "deploy": "gatsby build --prefix-paths && gh-pages -d public",
      "develop": "gatsby develop",
      "start": "gatsby develop",
      "build": "gatsby build",
      "serve": "gatsby serve",
      "clean": "gatsby clean"
    },
    "dependencies": {
      "babel-plugin-styled-components": "^2.0.7",
      "gatsby": "^4.3.0",
      "gatsby-plugin-image": "^2.17.0",
      "gatsby-plugin-react-helmet": "^5.17.0",
      "gatsby-plugin-sharp": "^4.17.0",
      "gatsby-plugin-styled-components": "^5.17.0",
      "gatsby-source-filesystem": "^4.17.0",
      "gatsby-transformer-remark": "^5.17.0",
      "gatsby-transformer-sharp": "^4.17.0",
      "react": "^17.0.1",
      "react-dom": "^17.0.1",
      "react-helmet": "^6.1.0",
      "styled-components": "^5.3.5"
    },
    "devDependencies": {
      "gh-pages": "^4.0.0"
    }
  }

yarn manifest: 
  No manifest

Lockfile: 
  No lockfile
